com.ibm.cics.eclipse.common.runtime_3.0.0.201908281947
2022/07/22 09:00:43.449 VET [1] ? com.ibm.cics.eclipse.common.SecurePreferencesPasswordStorage.getSecureUrl() [workspace has blanks in it which would mangle the location. Prefer if user specified different workspace, file:/C:/WorkSpace%20Proyecto%20Zconnect/ITK9082P/.metadata/.plugins/com.ibm.cics.eclipse.common/com.ibm.cics.core.passphrase.secure_storage]
2022/07/22 09:00:43.511 VET [1] > com.ibm.cics.core.comm.ExplorerSecurityHelper.setPassphraseManager()
2022/07/22 09:00:43.511 VET [1] < com.ibm.cics.core.comm.ExplorerSecurityHelper.setPassphraseManager()
2022/07/22 09:00:43.513 VET [1] > com.ibm.cics.core.comm.internal.ConnectionsPreferenceInitializer.initializeDefaultPreferences()
2022/07/22 09:00:43.513 VET [1] < com.ibm.cics.core.comm.internal.ConnectionsPreferenceInitializer.initializeDefaultPreferences()
2022/07/22 09:00:43.747 VET [1] > com.ibm.cics.core.connections.internal.PassphraseManager.setTrustStorePassphrase()
2022/07/22 09:00:44.589 VET [1] > com.ibm.cics.common.util.EventManager.notifyListeners() [com.ibm.cics.core.connections.CredentialsManagerListener$CredentialAddedEvent@ec1cf2af]
2022/07/22 09:00:44.589 VET [1] < com.ibm.cics.common.util.EventManager.notifyListeners()
2022/07/22 09:00:44.589 VET [1] < com.ibm.cics.core.connections.internal.PassphraseManager.setTrustStorePassphrase()
2022/07/22 09:00:44.589 VET [1] > com.ibm.cics.core.connections.internal.PassphraseManager.setKeyStorePassphrase()
2022/07/22 09:00:44.608 VET [1] > com.ibm.cics.common.util.EventManager.notifyListeners() [com.ibm.cics.core.connections.CredentialsManagerListener$CredentialAddedEvent@5cf8da6]
2022/07/22 09:00:44.608 VET [1] < com.ibm.cics.common.util.EventManager.notifyListeners()
2022/07/22 09:00:44.608 VET [1] < com.ibm.cics.core.connections.internal.PassphraseManager.setKeyStorePassphrase()
2022/07/22 09:00:44.608 VET [1] ? com.ibm.cics.eclipse.common.SecurePreferencesPasswordStorage.getSecureUrl() [workspace has blanks in it which would mangle the location. Prefer if user specified different workspace, file:/C:/WorkSpace%20Proyecto%20Zconnect/ITK9082P/.metadata/.plugins/com.ibm.cics.eclipse.common/com.ibm.cics.core.connections.secure_storage]
2022/07/22 09:00:44.673 VET [1] > com.ibm.cics.core.connections.internal.ConnectionProviderRegistry.getLocalProviderPath()
2022/07/22 09:00:44.673 VET [1] < com.ibm.cics.core.connections.internal.ConnectionProviderRegistry.getLocalProviderPath() [C:/WorkSpace Proyecto Zconnect/ITK9082P/.metadata/.plugins/com.ibm.cics.core.connections/local.xml]
2022/07/22 09:00:44.679 VET [1] > com.ibm.cics.core.comm.ConnectionRegistry.readConnection() [org.eclipse.core.internal.registry.ConfigurationElementHandle@3abe]
2022/07/22 09:00:44.680 VET [1] < com.ibm.cics.core.comm.ConnectionRegistry.readConnection() [added: com.ibm.cics.core.comm.internal.ConnectionDescriptor[z/OS FTP, com.ibm.cics.zos.comm.connection.ftp]]
2022/07/22 09:00:44.680 VET [1] > com.ibm.cics.core.comm.ConnectionRegistry.readConnection() [org.eclipse.core.internal.registry.ConfigurationElementHandle@3c1c]
2022/07/22 09:00:44.680 VET [1] < com.ibm.cics.core.comm.ConnectionRegistry.readConnection() [added: com.ibm.cics.core.comm.internal.ConnectionDescriptor[z/OSMF, com.ibm.cics.zosmf.comm.connection]]
2022/07/22 09:00:44.680 VET [1] > com.ibm.cics.core.comm.ConnectionRegistry.readConnection() [org.eclipse.core.internal.registry.ConfigurationElementHandle@3ce3]
2022/07/22 09:00:44.680 VET [1] < com.ibm.cics.core.comm.ConnectionRegistry.readConnection() [added: com.ibm.cics.core.comm.internal.ConnectionDescriptor[z/OS Remote System, com.ibm.ftt.cics.rse.RSE.connection]]
2022/07/22 09:00:44.680 VET [1] > com.ibm.cics.core.comm.ConnectionRegistry.readConnection() [org.eclipse.core.internal.registry.ConfigurationElementHandle@492a]
2022/07/22 09:00:44.680 VET [1] < com.ibm.cics.core.comm.ConnectionRegistry.readConnection() [added: com.ibm.cics.core.comm.internal.ConnectionDescriptor[z/OS Connect Enterprise Edition, com.ibm.zosconnect.ui.connections.type.adminapi]]
2022/07/22 09:00:44.682 VET [1] > com.ibm.cics.core.connections.internal.ConnectionProviderRegistry.addConnectionProvider() [com.ibm.cics.core.connections.internal.WritableFileConnectionProvider@a0f0a641]
2022/07/22 09:00:44.682 VET [1] > com.ibm.cics.core.connections.AbstractConnectionProvider.addListener() [com.ibm.cics.core.connections.internal.ConnectionProviderRegistry$1@eb1edb5e]
2022/07/22 09:00:44.682 VET [1] > com.ibm.cics.common.util.EventManager.addListener() [com.ibm.cics.core.connections.internal.ConnectionProviderRegistry$1@eb1edb5e]
2022/07/22 09:00:44.682 VET [1] < com.ibm.cics.common.util.EventManager.addListener() [[com.ibm.cics.core.connections.internal.ConnectionProviderRegistry$1@eb1edb5e]]
2022/07/22 09:00:44.682 VET [1] < com.ibm.cics.core.connections.AbstractConnectionProvider.addListener()
2022/07/22 09:00:44.682 VET [1] > com.ibm.cics.core.connections.AbstractConnectionProvider.refresh() [org.eclipse.core.runtime.NullProgressMonitor@1539997e]
2022/07/22 09:00:44.683 VET [1] > com.ibm.cics.common.util.EventManager.notifyListeners() [com.ibm.cics.core.connections.IConnectionProvider$ConnectionProviderStatusChangedEvent@6d3a1aa4]
2022/07/22 09:00:44.683 VET [1] Notifying: com.ibm.cics.core.connections.internal.ConnectionProviderRegistry$1@eb1edb5e com.ibm.cics.common.util.EventManager.notifyListeners()
2022/07/22 09:00:44.683 VET [1] < com.ibm.cics.common.util.EventManager.notifyListeners()
2022/07/22 09:00:44.683 VET [1] < com.ibm.cics.core.connections.AbstractConnectionProvider.refresh() [Status OK: unknown code=0 Aceptar null]
2022/07/22 09:00:44.683 VET [1] > com.ibm.cics.common.util.EventManager.notifyListeners() [com.ibm.cics.core.connections.IConnectionProviderRegistry$ConnectionProviderAddedEvent@1d1c7938]
2022/07/22 09:00:44.683 VET [1] < com.ibm.cics.common.util.EventManager.notifyListeners()
2022/07/22 09:00:44.683 VET [1] < com.ibm.cics.core.connections.internal.ConnectionProviderRegistry.addConnectionProvider()
2022/07/22 09:00:44.684 VET [1] > com.ibm.cics.core.connections.internal.ConnectionProviderRegistry.addPersistedFileConnectionProviders()
2022/07/22 09:00:44.684 VET [1] < com.ibm.cics.core.connections.internal.ConnectionProviderRegistry.addPersistedFileConnectionProviders()
2022/07/22 09:00:44.684 VET [1] > com.ibm.cics.core.connections.internal.ConnectionProviderRegistry.addExtensionPointProviders()
2022/07/22 09:00:44.684 VET [1] > com.ibm.cics.core.connections.internal.ConnectionProviderRegistry.readExtension() [org.eclipse.core.internal.registry.ExtensionHandle@3ce6]
2022/07/22 09:00:44.684 VET [1] > com.ibm.cics.core.connections.internal.ConnectionProviderRegistry.readElement() [org.eclipse.core.internal.registry.ConfigurationElementHandle@3ce7]
2022/07/22 09:00:44.684 VET [1] > com.ibm.cics.core.connections.internal.ConnectionProviderRegistry.readConnectionProvider() [org.eclipse.core.internal.registry.ConfigurationElementHandle@3ce7]
2022/07/22 09:00:45.172 VET [1] > com.ibm.cics.core.connections.internal.ConnectionProviderRegistry.addConnectionProvider() [com.ibm.ftt.cics.rse.connection.RSEConnectionProvider@3e1695]
2022/07/22 09:00:45.172 VET [1] > com.ibm.cics.core.connections.AbstractConnectionProvider.addListener() [com.ibm.cics.core.connections.internal.ConnectionProviderRegistry$1@305e521f]
2022/07/22 09:00:45.172 VET [1] > com.ibm.cics.common.util.EventManager.addListener() [com.ibm.cics.core.connections.internal.ConnectionProviderRegistry$1@305e521f]
2022/07/22 09:00:45.172 VET [1] < com.ibm.cics.common.util.EventManager.addListener() [[com.ibm.cics.core.connections.internal.ConnectionProviderRegistry$1@305e521f]]
2022/07/22 09:00:45.172 VET [1] < com.ibm.cics.core.connections.AbstractConnectionProvider.addListener()
2022/07/22 09:00:45.172 VET [1] > com.ibm.cics.core.connections.AbstractConnectionProvider.refresh() [org.eclipse.core.runtime.NullProgressMonitor@f67fb852]
2022/07/22 09:00:45.174 VET [1] > com.ibm.cics.common.util.EventManager.notifyListeners() [com.ibm.cics.core.connections.IConnectionProvider$ConnectionProviderStatusChangedEvent@afdd35e]
2022/07/22 09:00:45.174 VET [1] Notifying: com.ibm.cics.core.connections.internal.ConnectionProviderRegistry$1@305e521f com.ibm.cics.common.util.EventManager.notifyListeners()
2022/07/22 09:00:45.174 VET [1] < com.ibm.cics.common.util.EventManager.notifyListeners()
2022/07/22 09:00:45.174 VET [1] < com.ibm.cics.core.connections.AbstractConnectionProvider.refresh() [Status OK: unknown code=0 Aceptar null]
2022/07/22 09:00:45.174 VET [1] > com.ibm.cics.common.util.EventManager.notifyListeners() [com.ibm.cics.core.connections.IConnectionProviderRegistry$ConnectionProviderAddedEvent@f961e7ef]
2022/07/22 09:00:45.174 VET [1] < com.ibm.cics.common.util.EventManager.notifyListeners()
2022/07/22 09:00:45.174 VET [1] < com.ibm.cics.core.connections.internal.ConnectionProviderRegistry.addConnectionProvider()
2022/07/22 09:00:45.174 VET [1] addedcom.ibm.ftt.cics.rse.connection.RSEConnectionProvider@3e1695 com.ibm.cics.core.connections.internal.ConnectionProviderRegistry.readConnectionProvider()
2022/07/22 09:00:45.174 VET [1] < com.ibm.cics.core.connections.internal.ConnectionProviderRegistry.readConnectionProvider()
2022/07/22 09:00:45.174 VET [1] < com.ibm.cics.core.connections.internal.ConnectionProviderRegistry.readElement()
2022/07/22 09:00:45.174 VET [1] < com.ibm.cics.core.connections.internal.ConnectionProviderRegistry.readExtension()
2022/07/22 09:00:45.174 VET [1] < com.ibm.cics.core.connections.internal.ConnectionProviderRegistry.addExtensionPointProviders()
2022/07/22 09:00:45.286 VET [1] > com.ibm.cics.core.connections.internal.ConnectionCredentialsManager.ConnectionCredentialsManager()
2022/07/22 09:00:45.286 VET [1] > com.ibm.cics.common.util.EventManager.addListener() [com.ibm.cics.core.connections.internal.ConnectionCredentialsManager$1@fa6fd4c5]
2022/07/22 09:00:45.286 VET [1] < com.ibm.cics.common.util.EventManager.addListener() [[com.ibm.cics.core.connections.internal.ConnectionCredentialsManager$1@fa6fd4c5]]
2022/07/22 09:00:45.287 VET [1] < com.ibm.cics.core.connections.internal.ConnectionCredentialsManager.ConnectionCredentialsManager() [C:/WorkSpace Proyecto Zconnect/ITK9082P/.metadata/.plugins/com.ibm.cics.core.connections/credentialMappings.xml]
2022/07/22 09:00:45.337 VET [1] > com.ibm.cics.core.connections.internal.ConnectionManager.<init>()
2022/07/22 09:00:45.337 VET [1] > com.ibm.cics.common.util.EventManager.addListener() [com.ibm.cics.core.connections.internal.ConnectionManager$1@601e1f51]
2022/07/22 09:00:45.337 VET [1] < com.ibm.cics.common.util.EventManager.addListener() [[com.ibm.cics.core.connections.internal.ConnectionManager$1@601e1f51]]
2022/07/22 09:00:45.337 VET [1] > com.ibm.cics.core.connections.AbstractConnectionProvider.getConnections()
2022/07/22 09:00:45.337 VET [1] < com.ibm.cics.core.connections.AbstractConnectionProvider.getConnections() [[]]
2022/07/22 09:00:45.337 VET [1] > com.ibm.cics.core.connections.AbstractConnectionProvider.addListener() [com.ibm.cics.core.connections.internal.ConnectionManager$CacheUpdatingListener@d1a0b9b]
2022/07/22 09:00:45.337 VET [1] > com.ibm.cics.common.util.EventManager.addListener() [com.ibm.cics.core.connections.internal.ConnectionManager$CacheUpdatingListener@d1a0b9b]
2022/07/22 09:00:45.337 VET [1] < com.ibm.cics.common.util.EventManager.addListener() [[com.ibm.cics.core.connections.internal.ConnectionProviderRegistry$1@eb1edb5e, com.ibm.cics.core.connections.internal.ConnectionManager$CacheUpdatingListener@d1a0b9b]]
2022/07/22 09:00:45.337 VET [1] < com.ibm.cics.core.connections.AbstractConnectionProvider.addListener()
2022/07/22 09:00:45.337 VET [1] > com.ibm.cics.core.connections.AbstractConnectionProvider.getConnections()
2022/07/22 09:00:45.337 VET [1] < com.ibm.cics.core.connections.AbstractConnectionProvider.getConnections() [[]]
2022/07/22 09:00:45.337 VET [1] > com.ibm.cics.core.connections.AbstractConnectionProvider.addListener() [com.ibm.cics.core.connections.internal.ConnectionManager$CacheUpdatingListener@a860c739]
2022/07/22 09:00:45.337 VET [1] > com.ibm.cics.common.util.EventManager.addListener() [com.ibm.cics.core.connections.internal.ConnectionManager$CacheUpdatingListener@a860c739]
2022/07/22 09:00:45.337 VET [1] < com.ibm.cics.common.util.EventManager.addListener() [[com.ibm.cics.core.connections.internal.ConnectionProviderRegistry$1@305e521f, com.ibm.cics.core.connections.internal.ConnectionManager$CacheUpdatingListener@a860c739]]
2022/07/22 09:00:45.337 VET [1] < com.ibm.cics.core.connections.AbstractConnectionProvider.addListener()
2022/07/22 09:00:45.337 VET [1] > com.ibm.cics.core.connections.internal.ConnectionProviderRegistry.addListener() [com.ibm.cics.core.connections.internal.ConnectionManager$2@d6b937ff]
2022/07/22 09:00:45.337 VET [1] > com.ibm.cics.common.util.EventManager.addListener() [com.ibm.cics.core.connections.internal.ConnectionManager$2@d6b937ff]
2022/07/22 09:00:45.338 VET [1] < com.ibm.cics.common.util.EventManager.addListener() [[com.ibm.cics.core.connections.internal.ConnectionManager$2@d6b937ff]]
2022/07/22 09:00:45.338 VET [1] < com.ibm.cics.core.connections.internal.ConnectionProviderRegistry.addListener()
2022/07/22 09:00:45.338 VET [1] < com.ibm.cics.core.connections.internal.ConnectionManager.<init>() [com.ibm.cics.core.connections.internal.ConnectionManager@efcd5e5c]
2022/07/22 09:00:45.342 VET [1] > com.ibm.cics.common.util.EventManager.addListener() [com.ibm.cics.core.connections.internal.DefaultConnectionService$1@8665c96f]
2022/07/22 09:00:45.342 VET [1] < com.ibm.cics.common.util.EventManager.addListener() [[com.ibm.cics.core.connections.internal.DefaultConnectionService$1@8665c96f]]
2022/07/22 09:00:45.343 VET [1] > com.ibm.cics.common.util.EventManager.addListener() [com.ibm.cics.core.connections.internal.DefaultConnectionDeserializer$1@5c6a0e6b]
2022/07/22 09:00:45.343 VET [1] < com.ibm.cics.common.util.EventManager.addListener() [[com.ibm.cics.core.connections.internal.DefaultConnectionDeserializer$1@5c6a0e6b]]
2022/07/22 09:00:45.353 VET [1] > com.ibm.cics.common.util.EventManager.addListener() [com.ibm.cics.core.connections.internal.ConnectionService$2@a6cd287f]
2022/07/22 09:00:45.353 VET [1] < com.ibm.cics.common.util.EventManager.addListener() [[com.ibm.cics.core.connections.internal.DefaultConnectionService$1@8665c96f, com.ibm.cics.core.connections.internal.ConnectionService$2@a6cd287f]]
2022/07/22 09:00:45.353 VET [1] > com.ibm.cics.common.util.EventManager.addListener() [com.ibm.cics.core.connections.internal.InternalConnectionsPlugin$1@8be939d4]
2022/07/22 09:00:45.353 VET [1] < com.ibm.cics.common.util.EventManager.addListener() [[com.ibm.cics.core.connections.internal.InternalConnectionsPlugin$1@8be939d4]]
2022/07/22 09:00:45.355 VET [1] > com.ibm.cics.common.util.EventManager.addListener() [com.ibm.cics.core.connections.ConnectionWidgetManager$2@d665d111]
2022/07/22 09:00:45.355 VET [1] < com.ibm.cics.common.util.EventManager.addListener() [[com.ibm.cics.core.connections.internal.InternalConnectionsPlugin$1@8be939d4, com.ibm.cics.core.connections.ConnectionWidgetManager$2@d665d111]]
2022/07/22 09:00:45.355 VET [1] > com.ibm.cics.common.util.EventManager.addListener() [com.ibm.cics.core.connections.ConnectionWidgetManager$1@f17a7bcb]
2022/07/22 09:00:45.355 VET [1] < com.ibm.cics.common.util.EventManager.addListener() [[com.ibm.cics.core.connections.internal.DefaultConnectionService$1@8665c96f, com.ibm.cics.core.connections.internal.ConnectionService$2@a6cd287f, com.ibm.cics.core.connections.ConnectionWidgetManager$1@f17a7bcb]]
2022/07/22 09:00:45.355 VET [1] > com.ibm.cics.core.connections.ConnectionWidgetManager.initializeStates()
2022/07/22 09:00:45.355 VET [1] < com.ibm.cics.core.connections.ConnectionWidgetManager.initializeStates()
2022/07/22 09:00:59.000 VET [29] > com.ibm.cics.core.connections.internal.ConnectionsStartup.earlyStartup() [com.ibm.cics.core.connections.internal.ConnectionsStartup@f869bb61]
2022/07/22 09:00:59.019 VET [29] < com.ibm.cics.core.connections.internal.ConnectionsStartup.earlyStartup()
2022/07/22 09:00:59.091 VET [29] - com.ibm.cics.zos.model.ZOSConnectable.<init>() [com.ibm.cics.zos.model.ZOSConnectable@cca3774f]
2022/07/22 09:01:01.893 VET [1]  com.ibm.cics.eclipse.common.AbstractContextManager.AbstractConnectionContextManager()<init>()
2022/07/22 09:01:01.893 VET [1] > com.ibm.cics.eclipse.common.AbstractContextManager.deactivate() [com.ibm.cics.zos.explorer.cancreatedataset.context]
2022/07/22 09:01:01.893 VET [1] < com.ibm.cics.eclipse.common.AbstractContextManager.deactivate() [com.ibm.cics.zos.explorer.cancreatedataset.context]
2022/07/22 09:01:01.893 VET [1] > com.ibm.cics.common.util.EventManager.addListener() [com.ibm.cics.zos.ui.ZOSConnectionContextManager$1@35c64cb7]
2022/07/22 09:01:01.893 VET [1] < com.ibm.cics.common.util.EventManager.addListener() [[com.ibm.cics.core.connections.internal.InternalConnectionsPlugin$1@8be939d4, com.ibm.cics.core.connections.ConnectionWidgetManager$2@d665d111, com.ibm.cics.zos.ui.ZOSConnectionContextManager$1@35c64cb7]]
2022/07/22 09:01:01.894 VET [1] - com.ibm.cics.core.connections.internal.ConnectionsStartup.earlyStartup() [com.ibm.cics.core.connections.internal.ConnectionsStartup$1@44aec12b, org.eclipse.ui.internal.WorkbenchWindow@d22f4af1]
2022/07/22 09:01:01.894 VET [1] > com.ibm.cics.common.util.EventManager.addListener() [com.ibm.cics.core.connections.internal.ConnectionsStartup$1$1@8fba0a3c]
2022/07/22 09:01:01.894 VET [1] < com.ibm.cics.common.util.EventManager.addListener() [[com.ibm.cics.core.connections.internal.InternalConnectionsPlugin$1@8be939d4, com.ibm.cics.core.connections.ConnectionWidgetManager$2@d665d111, com.ibm.cics.zos.ui.ZOSConnectionContextManager$1@35c64cb7, com.ibm.cics.core.connections.internal.ConnectionsStartup$1$1@8fba0a3c]]
2022/07/22 09:01:08.659 VET [1] > com.ibm.cics.common.util.EventManager.addListener() [com.ibm.cics.core.connections.internal.views.HostConnectionsView$1@4bcb0f48]
2022/07/22 09:01:08.659 VET [1] < com.ibm.cics.common.util.EventManager.addListener() [[com.ibm.cics.core.connections.internal.DefaultConnectionDeserializer$1@5c6a0e6b, com.ibm.cics.core.connections.internal.views.HostConnectionsView$1@4bcb0f48]]
2022/07/22 09:01:08.659 VET [1] > com.ibm.cics.common.util.EventManager.addListener() [com.ibm.cics.core.connections.internal.views.HostConnectionsView$2@d5801f69]
2022/07/22 09:01:08.659 VET [1] < com.ibm.cics.common.util.EventManager.addListener() [[com.ibm.cics.core.connections.internal.InternalConnectionsPlugin$1@8be939d4, com.ibm.cics.core.connections.ConnectionWidgetManager$2@d665d111, com.ibm.cics.zos.ui.ZOSConnectionContextManager$1@35c64cb7, com.ibm.cics.core.connections.internal.ConnectionsStartup$1$1@8fba0a3c, com.ibm.cics.core.connections.internal.views.HostConnectionsView$2@d5801f69]]
2022/07/22 09:01:08.679 VET [1] createPartControl com.ibm.cics.core.connections.internal.views.HostConnectionsView.createPartControl()
2022/07/22 09:01:08.721 VET [1] > com.ibm.cics.common.util.EventManager.addListener() [com.ibm.cics.core.connections.internal.views.ConnectionsLabelDecorator$1@334d758f]
2022/07/22 09:01:08.721 VET [1] < com.ibm.cics.common.util.EventManager.addListener() [[com.ibm.cics.core.connections.internal.DefaultConnectionDeserializer$1@5c6a0e6b, com.ibm.cics.core.connections.internal.views.HostConnectionsView$1@4bcb0f48, com.ibm.cics.core.connections.internal.views.ConnectionsLabelDecorator$1@334d758f]]
2022/07/22 09:01:08.746 VET [1] > com.ibm.cics.common.util.EventManager.addListener() [com.ibm.cics.core.connections.internal.views.ConnectionsTreeAndButtonsComposite$2@f22c2f33]
2022/07/22 09:01:08.747 VET [1] < com.ibm.cics.common.util.EventManager.addListener() [[com.ibm.cics.core.connections.internal.InternalConnectionsPlugin$1@8be939d4, com.ibm.cics.core.connections.ConnectionWidgetManager$2@d665d111, com.ibm.cics.zos.ui.ZOSConnectionContextManager$1@35c64cb7, com.ibm.cics.core.connections.internal.ConnectionsStartup$1$1@8fba0a3c, com.ibm.cics.core.connections.internal.views.HostConnectionsView$2@d5801f69, com.ibm.cics.core.connections.internal.views.ConnectionsTreeAndButtonsComposite$2@f22c2f33]]
2022/07/22 09:01:08.747 VET [1] > com.ibm.cics.common.util.EventManager.addListener() [com.ibm.cics.core.connections.internal.views.ConnectionsTreeAndButtonsComposite$3@ef855ead]
2022/07/22 09:01:08.747 VET [1] < com.ibm.cics.common.util.EventManager.addListener() [[com.ibm.cics.core.connections.internal.DefaultConnectionService$1@8665c96f, com.ibm.cics.core.connections.internal.ConnectionService$2@a6cd287f, com.ibm.cics.core.connections.ConnectionWidgetManager$1@f17a7bcb, com.ibm.cics.core.connections.internal.views.ConnectionsTreeAndButtonsComposite$3@ef855ead]]
2022/07/22 09:01:08.839 VET [1] > com.ibm.cics.common.util.EventManager.addListener() [com.ibm.cics.core.connections.internal.views.HostConnectionsView$18@9368db11]
2022/07/22 09:01:08.839 VET [1] < com.ibm.cics.common.util.EventManager.addListener() [[com.ibm.cics.core.connections.internal.InternalConnectionsPlugin$1@8be939d4, com.ibm.cics.core.connections.ConnectionWidgetManager$2@d665d111, com.ibm.cics.zos.ui.ZOSConnectionContextManager$1@35c64cb7, com.ibm.cics.core.connections.internal.ConnectionsStartup$1$1@8fba0a3c, com.ibm.cics.core.connections.internal.views.HostConnectionsView$2@d5801f69, com.ibm.cics.core.connections.internal.views.ConnectionsTreeAndButtonsComposite$2@f22c2f33, com.ibm.cics.core.connections.internal.views.HostConnectionsView$18@9368db11]]
2022/07/22 09:01:08.840 VET [1] > com.ibm.cics.common.util.EventManager.addListener() [com.ibm.cics.core.connections.internal.views.HostConnectionsView$18@9368db11]
2022/07/22 09:01:08.840 VET [1] < com.ibm.cics.common.util.EventManager.addListener() [[com.ibm.cics.core.connections.internal.InternalConnectionsPlugin$1@8be939d4, com.ibm.cics.core.connections.ConnectionWidgetManager$2@d665d111, com.ibm.cics.zos.ui.ZOSConnectionContextManager$1@35c64cb7, com.ibm.cics.core.connections.internal.ConnectionsStartup$1$1@8fba0a3c, com.ibm.cics.core.connections.internal.views.HostConnectionsView$2@d5801f69, com.ibm.cics.core.connections.internal.views.ConnectionsTreeAndButtonsComposite$2@f22c2f33, com.ibm.cics.core.connections.internal.views.HostConnectionsView$18@9368db11, com.ibm.cics.core.connections.internal.views.HostConnectionsView$18@9368db11]]
2022/07/22 09:01:08.840 VET [1] > com.ibm.cics.common.util.EventManager.addListener() [com.ibm.cics.core.connections.internal.views.HostConnectionsView$24@c7b2c26f]
2022/07/22 09:01:08.840 VET [1] < com.ibm.cics.common.util.EventManager.addListener() [[com.ibm.cics.core.connections.internal.ConnectionCredentialsManager$1@fa6fd4c5, com.ibm.cics.core.connections.internal.views.HostConnectionsView$24@c7b2c26f]]
2022/07/22 09:01:08.840 VET [1] > com.ibm.cics.core.connections.internal.ConnectionProviderRegistry.addListener() [com.ibm.cics.core.connections.internal.views.HostConnectionsView$25@fb116174]
2022/07/22 09:01:08.840 VET [1] > com.ibm.cics.common.util.EventManager.addListener() [com.ibm.cics.core.connections.internal.views.HostConnectionsView$25@fb116174]
2022/07/22 09:01:08.840 VET [1] < com.ibm.cics.common.util.EventManager.addListener() [[com.ibm.cics.core.connections.internal.ConnectionManager$2@d6b937ff, com.ibm.cics.core.connections.internal.views.HostConnectionsView$25@fb116174]]
2022/07/22 09:01:08.840 VET [1] < com.ibm.cics.core.connections.internal.ConnectionProviderRegistry.addListener()
2022/07/22 09:01:09.925 VET [1] > com.ibm.cics.core.comm.ConnectionRegistry.find() [com.ibm.zosconnect.ui.connections.type.adminapi]
2022/07/22 09:01:09.925 VET [1] < com.ibm.cics.core.comm.ConnectionRegistry.find() [return: com.ibm.cics.core.comm.internal.ConnectionDescriptor[z/OS Connect Enterprise Edition, com.ibm.zosconnect.ui.connections.type.adminapi]]
2022/07/22 09:01:09.925 VET [1] > com.ibm.cics.core.comm.ConnectionRegistry.find() [com.ibm.cics.zos.comm.connection.ftp]
2022/07/22 09:01:09.925 VET [1] < com.ibm.cics.core.comm.ConnectionRegistry.find() [return: com.ibm.cics.core.comm.internal.ConnectionDescriptor[z/OS FTP, com.ibm.cics.zos.comm.connection.ftp]]
2022/07/22 09:01:09.925 VET [1] > com.ibm.cics.core.comm.ConnectionRegistry.find() [com.ibm.cics.zosmf.comm.connection]
2022/07/22 09:01:09.925 VET [1] < com.ibm.cics.core.comm.ConnectionRegistry.find() [return: com.ibm.cics.core.comm.internal.ConnectionDescriptor[z/OSMF, com.ibm.cics.zosmf.comm.connection]]
2022/07/22 09:01:09.925 VET [1] > com.ibm.cics.core.comm.ConnectionRegistry.find() [com.ibm.ftt.cics.rse.RSE.connection]
2022/07/22 09:01:09.925 VET [1] < com.ibm.cics.core.comm.ConnectionRegistry.find() [return: com.ibm.cics.core.comm.internal.ConnectionDescriptor[z/OS Remote System, com.ibm.ftt.cics.rse.RSE.connection]]
2022/07/22 09:01:10.166 VET [1] > com.ibm.cics.core.comm.ConnectionRegistry.find() [com.ibm.zosconnect.ui.connections.type.adminapi]
2022/07/22 09:01:10.166 VET [1] < com.ibm.cics.core.comm.ConnectionRegistry.find() [return: com.ibm.cics.core.comm.internal.ConnectionDescriptor[z/OS Connect Enterprise Edition, com.ibm.zosconnect.ui.connections.type.adminapi]]
2022/07/22 09:01:12.069 VET [1] > com.ibm.cics.core.comm.ConnectionRegistry.find() [com.ibm.zosconnect.ui.connections.type.adminapi]
2022/07/22 09:01:12.069 VET [1] < com.ibm.cics.core.comm.ConnectionRegistry.find() [return: com.ibm.cics.core.comm.internal.ConnectionDescriptor[z/OS Connect Enterprise Edition, com.ibm.zosconnect.ui.connections.type.adminapi]]
2022/07/22 09:01:12.070 VET [1] > com.ibm.cics.core.comm.ConnectionRegistry.find() [com.ibm.zosconnect.ui.connections.type.adminapi]
2022/07/22 09:01:12.070 VET [1] < com.ibm.cics.core.comm.ConnectionRegistry.find() [return: com.ibm.cics.core.comm.internal.ConnectionDescriptor[z/OS Connect Enterprise Edition, com.ibm.zosconnect.ui.connections.type.adminapi]]
2022/07/22 09:01:12.082 VET [1] com.ibm.cics.core.ui plugin connection customizers not loaded as plugin absent com.ibm.cics.core.connections.internal.ConnectionCustomizerRegistry.<constructor>()
2022/07/22 09:01:12.082 VET [1] - com.ibm.cics.core.connections.internal.EditConnectionDialog.ConnectionDialog() [Create_With_Descriptor, com.ibm.zosconnect.ui.connections.type.adminapi]
2022/07/22 09:01:42.962 VET [1] > com.ibm.cics.core.comm.ConnectionConfiguration.setExtendedAttribute() [CONNECT_TIMEOUT, 30000]
2022/07/22 09:01:42.962 VET [1] < com.ibm.cics.core.comm.ConnectionConfiguration.setExtendedAttribute()
2022/07/22 09:01:42.962 VET [1] > com.ibm.cics.core.comm.ConnectionConfiguration.setExtendedAttribute() [READ_TIMEOUT, 30000]
2022/07/22 09:01:42.962 VET [1] < com.ibm.cics.core.comm.ConnectionConfiguration.setExtendedAttribute()
2022/07/22 09:01:42.984 VET [1] > com.ibm.cics.core.connections.AbstractConnectionProvider.getUnusedLocalId()
2022/07/22 09:01:42.984 VET [1] < com.ibm.cics.core.connections.AbstractConnectionProvider.getUnusedLocalId() [1658494902984-0]
2022/07/22 09:01:42.984 VET [1] > com.ibm.cics.core.connections.AbstractConnectionProvider.createNewConnectionParameters() [1658494902984-0, Zconnect desa, com.ibm.zosconnect.ui.connections.type.adminapi, {READ_TIMEOUT=30000, ALLOW_MULTIPLE_CONNECTIONS=null, port=7080, host=10.0.4.10, CONNECT_TIMEOUT=30000, ssl_confirmed=true, ATTEMPT_SECURE=false}]
2022/07/22 09:01:42.984 VET [1] > com.ibm.cics.core.connections.AbstractConnectionProvider.getExternalId() [1658494902984-0]
2022/07/22 09:01:42.984 VET [1] > com.ibm.cics.core.connections.AbstractConnectionProvider.getId()
2022/07/22 09:01:42.984 VET [1] < com.ibm.cics.core.connections.AbstractConnectionProvider.getId() [local]
2022/07/22 09:01:42.984 VET [1] < com.ibm.cics.core.connections.AbstractConnectionProvider.getExternalId() [1658494902984-0@local]
2022/07/22 09:01:42.984 VET [1] > com.ibm.cics.core.connections.AbstractConnectionProvider.updateConnectionParameters() [ConnectionParameters [
	attributes={READ_TIMEOUT=30000, ALLOW_MULTIPLE_CONNECTIONS=null, port=7080, host=10.0.4.10, CONNECT_TIMEOUT=30000, ssl_confirmed=true, ATTEMPT_SECURE=false},
	connectionTypeId=com.ibm.zosconnect.ui.connections.type.adminapi,
	id=1658494902984-0@local,
	name=Zconnect desa
]]
2022/07/22 09:01:42.985 VET [1] > com.ibm.cics.common.util.EventManager.notifyListeners() [com.ibm.cics.core.connections.IConnectionProvider$ConnectionParametersAddedEvent@b7ba25f]
2022/07/22 09:01:42.985 VET [1] Notifying: com.ibm.cics.core.connections.internal.ConnectionProviderRegistry$1@eb1edb5e com.ibm.cics.common.util.EventManager.notifyListeners()
2022/07/22 09:01:42.985 VET [1] Notifying: com.ibm.cics.core.connections.internal.ConnectionManager$CacheUpdatingListener@d1a0b9b com.ibm.cics.common.util.EventManager.notifyListeners()
2022/07/22 09:01:43.002 VET [1] > com.ibm.cics.core.comm.ConnectionRegistry.find() [com.ibm.zosconnect.ui.connections.type.adminapi]
2022/07/22 09:01:43.002 VET [1] < com.ibm.cics.core.comm.ConnectionRegistry.find() [return: com.ibm.cics.core.comm.internal.ConnectionDescriptor[z/OS Connect Enterprise Edition, com.ibm.zosconnect.ui.connections.type.adminapi]]
2022/07/22 09:01:43.002 VET [1] > com.ibm.cics.common.util.EventManager.notifyListeners() [com.ibm.cics.core.connections.ConnectionManagerListener$ConnectionProfileAddedEvent@30be8fb]
2022/07/22 09:01:43.002 VET [1] Notifying: com.ibm.cics.core.connections.internal.DefaultConnectionService$1@8665c96f com.ibm.cics.common.util.EventManager.notifyListeners()
2022/07/22 09:01:43.003 VET [1] Notifying: com.ibm.cics.core.connections.internal.ConnectionService$2@a6cd287f com.ibm.cics.common.util.EventManager.notifyListeners()
2022/07/22 09:01:43.003 VET [1] Notifying: com.ibm.cics.core.connections.ConnectionWidgetManager$1@f17a7bcb com.ibm.cics.common.util.EventManager.notifyListeners()
2022/07/22 09:01:43.003 VET [1] > com.ibm.cics.core.connections.ConnectionWidgetManager.update() [com.ibm.zosconnect.ui.connections.category.adminapi]
2022/07/22 09:01:43.003 VET [1] < com.ibm.cics.core.connections.ConnectionWidgetManager.update() [com.ibm.zosconnect.ui.connections.category.adminapi]
2022/07/22 09:01:43.003 VET [1] Notifying: com.ibm.cics.core.connections.internal.views.ConnectionsTreeAndButtonsComposite$3@ef855ead com.ibm.cics.common.util.EventManager.notifyListeners()
2022/07/22 09:01:43.003 VET [1] < com.ibm.cics.common.util.EventManager.notifyListeners()
2022/07/22 09:01:43.003 VET [1] < com.ibm.cics.common.util.EventManager.notifyListeners()
2022/07/22 09:01:43.003 VET [1] < com.ibm.cics.core.connections.AbstractConnectionProvider.updateConnectionParameters() [ConnectionParameters [
	attributes={READ_TIMEOUT=30000, ALLOW_MULTIPLE_CONNECTIONS=null, port=7080, host=10.0.4.10, CONNECT_TIMEOUT=30000, ssl_confirmed=true, ATTEMPT_SECURE=false},
	connectionTypeId=com.ibm.zosconnect.ui.connections.type.adminapi,
	id=1658494902984-0@local,
	name=Zconnect desa
]]
2022/07/22 09:01:43.003 VET [1] < com.ibm.cics.core.connections.AbstractConnectionProvider.createNewConnectionParameters() [ConnectionParameters [
	attributes={READ_TIMEOUT=30000, ALLOW_MULTIPLE_CONNECTIONS=null, port=7080, host=10.0.4.10, CONNECT_TIMEOUT=30000, ssl_confirmed=true, ATTEMPT_SECURE=false},
	connectionTypeId=com.ibm.zosconnect.ui.connections.type.adminapi,
	id=1658494902984-0@local,
	name=Zconnect desa
]]
2022/07/22 09:01:43.003 VET [1] > com.ibm.cics.core.connections.AbstractConnectionProvider.getConnections()
2022/07/22 09:01:43.003 VET [1] < com.ibm.cics.core.connections.AbstractConnectionProvider.getConnections() [[ConnectionParameters [
	attributes={READ_TIMEOUT=30000, ALLOW_MULTIPLE_CONNECTIONS=null, port=7080, host=10.0.4.10, CONNECT_TIMEOUT=30000, ssl_confirmed=true, ATTEMPT_SECURE=false},
	connectionTypeId=com.ibm.zosconnect.ui.connections.type.adminapi,
	id=1658494902984-0@local,
	name=Zconnect desa
]]]
2022/07/22 09:01:43.004 VET [1] > com.ibm.cics.core.connections.internal.ConnectionUtils.getInternalId() [1658494902984-0@local]
2022/07/22 09:01:43.004 VET [1] < com.ibm.cics.core.connections.internal.ConnectionUtils.getInternalId() [1658494902984-0]
2022/07/22 09:01:43.004 VET [1] > com.ibm.cics.core.connections.internal.WritableConnectionProvider.getExternalId() [1658494902984-0]
2022/07/22 09:01:43.004 VET [1] > com.ibm.cics.core.connections.AbstractConnectionProvider.getId()
2022/07/22 09:01:43.004 VET [1] < com.ibm.cics.core.connections.AbstractConnectionProvider.getId() [local]
2022/07/22 09:01:43.004 VET [1] < com.ibm.cics.core.connections.internal.WritableConnectionProvider.getExternalId() [1658494902984-0@local]
2022/07/22 09:01:43.004 VET [1] > com.ibm.cics.core.connections.AbstractConnectionProvider.getConnections()
2022/07/22 09:01:43.004 VET [1] < com.ibm.cics.core.connections.AbstractConnectionProvider.getConnections() [[ConnectionParameters [
	attributes={READ_TIMEOUT=30000, ALLOW_MULTIPLE_CONNECTIONS=null, port=7080, host=10.0.4.10, CONNECT_TIMEOUT=30000, ssl_confirmed=true, ATTEMPT_SECURE=false},
	connectionTypeId=com.ibm.zosconnect.ui.connections.type.adminapi,
	id=1658494902984-0@local,
	name=Zconnect desa
]]]
2022/07/22 09:01:43.004 VET [1] > com.ibm.cics.core.comm.ConnectionRegistry.find() [com.ibm.zosconnect.ui.connections.type.adminapi]
2022/07/22 09:01:43.004 VET [1] < com.ibm.cics.core.comm.ConnectionRegistry.find() [return: com.ibm.cics.core.comm.internal.ConnectionDescriptor[z/OS Connect Enterprise Edition, com.ibm.zosconnect.ui.connections.type.adminapi]]
2022/07/22 09:01:43.004 VET [1] > com.ibm.cics.core.connections.internal.ConnectionUtils.getInternalId() [1658494902984-0@local]
2022/07/22 09:01:43.004 VET [1] < com.ibm.cics.core.connections.internal.ConnectionUtils.getInternalId() [1658494902984-0]
2022/07/22 09:01:43.123 VET [1] > com.ibm.cics.core.connections.internal.ConnectionService.connect() [1658494902984-0@local]
2022/07/22 09:01:43.140 VET [38] > com.ibm.cics.common.util.EventManager.addListener() [com.ibm.cics.core.connections.internal.ConnectionService$7$1@719ff331]
2022/07/22 09:01:43.140 VET [38] < com.ibm.cics.common.util.EventManager.addListener() [[com.ibm.cics.core.connections.internal.InternalConnectionsPlugin$1@8be939d4, com.ibm.cics.core.connections.ConnectionWidgetManager$2@d665d111, com.ibm.cics.zos.ui.ZOSConnectionContextManager$1@35c64cb7, com.ibm.cics.core.connections.internal.ConnectionsStartup$1$1@8fba0a3c, com.ibm.cics.core.connections.internal.views.HostConnectionsView$2@d5801f69, com.ibm.cics.core.connections.internal.views.ConnectionsTreeAndButtonsComposite$2@f22c2f33, com.ibm.cics.core.connections.internal.views.HostConnectionsView$18@9368db11, com.ibm.cics.core.connections.internal.views.HostConnectionsView$18@9368db11, com.ibm.cics.core.connections.internal.ConnectionService$7$1@719ff331]]
2022/07/22 09:01:43.140 VET [38] > com.ibm.cics.core.connections.internal.ConnectionService.connect() [configurationId=1658494902984-0@local]
2022/07/22 09:01:43.140 VET [38] > com.ibm.cics.core.connections.internal.ConnectionService.notifyConnecting() [connectable=com.ibm.zosconnect.ui.connections.models.ZCeeAdminApiConnectable@fa970ad8]
2022/07/22 09:01:43.140 VET [38] > com.ibm.cics.core.connections.internal.ConnectionService.notifyListeners() [event=com.ibm.cics.core.connections.ConnectionServiceListener$ConnectingEvent@15a8c5d0]
2022/07/22 09:01:43.141 VET [38] > com.ibm.cics.common.util.EventManager.notifyListeners() [com.ibm.cics.core.connections.ConnectionServiceListener$ConnectingEvent@15a8c5d0]
2022/07/22 09:01:43.141 VET [38] Notifying: com.ibm.cics.core.connections.internal.InternalConnectionsPlugin$1@8be939d4 com.ibm.cics.common.util.EventManager.notifyListeners()
2022/07/22 09:01:43.141 VET [38] Notifying: com.ibm.cics.core.connections.ConnectionWidgetManager$2@d665d111 com.ibm.cics.common.util.EventManager.notifyListeners()
2022/07/22 09:01:43.141 VET [38] > com.ibm.cics.core.connections.ConnectionWidgetManager.event() [com.ibm.cics.core.connections.ConnectionServiceListener$ConnectingEvent@15a8c5d0]
2022/07/22 09:01:43.141 VET [38] > com.ibm.cics.core.connections.ConnectionWidgetManager.setState() [NO_CONNECTION]
2022/07/22 09:01:43.141 VET [38] < com.ibm.cics.core.connections.ConnectionWidgetManager.setState() [NO_CONNECTION]
2022/07/22 09:01:43.141 VET [38] < com.ibm.cics.core.connections.ConnectionWidgetManager.event() [com.ibm.cics.core.connections.ConnectionServiceListener$ConnectingEvent@15a8c5d0]
2022/07/22 09:01:43.141 VET [38] Notifying: com.ibm.cics.zos.ui.ZOSConnectionContextManager$1@35c64cb7 com.ibm.cics.common.util.EventManager.notifyListeners()
2022/07/22 09:01:43.141 VET [38] Notifying: com.ibm.cics.core.connections.internal.ConnectionsStartup$1$1@8fba0a3c com.ibm.cics.common.util.EventManager.notifyListeners()
2022/07/22 09:01:43.141 VET [38] Notifying: com.ibm.cics.core.connections.internal.views.HostConnectionsView$2@d5801f69 com.ibm.cics.common.util.EventManager.notifyListeners()
2022/07/22 09:01:43.141 VET [38] Notifying: com.ibm.cics.core.connections.internal.views.ConnectionsTreeAndButtonsComposite$2@f22c2f33 com.ibm.cics.common.util.EventManager.notifyListeners()
2022/07/22 09:01:43.141 VET [38] Notifying: com.ibm.cics.core.connections.internal.views.HostConnectionsView$18@9368db11 com.ibm.cics.common.util.EventManager.notifyListeners()
2022/07/22 09:01:43.141 VET [38] Notifying: com.ibm.cics.core.connections.internal.views.HostConnectionsView$18@9368db11 com.ibm.cics.common.util.EventManager.notifyListeners()
2022/07/22 09:01:43.142 VET [38] Notifying: com.ibm.cics.core.connections.internal.ConnectionService$7$1@719ff331 com.ibm.cics.common.util.EventManager.notifyListeners()
2022/07/22 09:01:43.142 VET [38] < com.ibm.cics.common.util.EventManager.notifyListeners()
2022/07/22 09:01:43.142 VET [38] < com.ibm.cics.core.connections.internal.ConnectionService.notifyListeners()
2022/07/22 09:01:43.142 VET [38] < com.ibm.cics.core.connections.internal.ConnectionService.notifyConnecting()
2022/07/22 09:01:43.142 VET [38] > com.ibm.cics.core.connections.internal.ConnectionService.doConnect() [configurationId=1658494902984-0@local]
2022/07/22 09:01:43.156 VET [1] > com.ibm.cics.core.comm.ConnectionRegistry.find() [com.ibm.zosconnect.ui.connections.type.adminapi]
2022/07/22 09:01:43.156 VET [1] < com.ibm.cics.core.comm.ConnectionRegistry.find() [return: com.ibm.cics.core.comm.internal.ConnectionDescriptor[z/OS Connect Enterprise Edition, com.ibm.zosconnect.ui.connections.type.adminapi]]
2022/07/22 09:01:55.209 VET [1] > com.ibm.cics.common.util.EventManager.notifyListeners() [com.ibm.cics.core.connections.CredentialsManagerListener$CredentialAddedEvent@6c83dab9]
2022/07/22 09:01:55.209 VET [1] Notifying: com.ibm.cics.core.connections.internal.ConnectionCredentialsManager$1@fa6fd4c5 com.ibm.cics.common.util.EventManager.notifyListeners()
2022/07/22 09:01:55.209 VET [1] Notifying: com.ibm.cics.core.connections.internal.views.HostConnectionsView$24@c7b2c26f com.ibm.cics.common.util.EventManager.notifyListeners()
2022/07/22 09:01:55.209 VET [1] < com.ibm.cics.common.util.EventManager.notifyListeners()
2022/07/22 09:01:55.210 VET [1] > com.ibm.cics.common.util.EventManager.notifyListeners() [ConnectionCredentialsChangedEvent [connectionId=1658494902984-0@local, credentials=com.ibm.cics.core.comm.CredentialsConfiguration@1ea8a18c[id=1658494915203-1, name=b123595, userid=b123595, password-is-empty=false, savePassword=false, oneTimePassword=false]]]
2022/07/22 09:01:55.210 VET [1] Notifying: com.ibm.cics.core.connections.internal.ConnectionManager$1@601e1f51 com.ibm.cics.common.util.EventManager.notifyListeners()
2022/07/22 09:01:55.210 VET [1] > com.ibm.cics.core.comm.ConnectionRegistry.find() [com.ibm.zosconnect.ui.connections.type.adminapi]
2022/07/22 09:01:55.210 VET [1] < com.ibm.cics.core.comm.ConnectionRegistry.find() [return: com.ibm.cics.core.comm.internal.ConnectionDescriptor[z/OS Connect Enterprise Edition, com.ibm.zosconnect.ui.connections.type.adminapi]]
2022/07/22 09:01:55.210 VET [1] > com.ibm.cics.common.util.EventManager.notifyListeners() [com.ibm.cics.core.connections.ConnectionManagerListener$ConnectionProfileUpdatedEvent@d0a21acd]
2022/07/22 09:01:55.210 VET [1] Notifying: com.ibm.cics.core.connections.internal.DefaultConnectionService$1@8665c96f com.ibm.cics.common.util.EventManager.notifyListeners()
2022/07/22 09:01:55.210 VET [1] Notifying: com.ibm.cics.core.connections.internal.ConnectionService$2@a6cd287f com.ibm.cics.common.util.EventManager.notifyListeners()
2022/07/22 09:01:55.210 VET [1] Notifying: com.ibm.cics.core.connections.ConnectionWidgetManager$1@f17a7bcb com.ibm.cics.common.util.EventManager.notifyListeners()
2022/07/22 09:01:55.210 VET [1] > com.ibm.cics.core.connections.ConnectionWidgetManager.update() [com.ibm.zosconnect.ui.connections.category.adminapi]
2022/07/22 09:01:55.210 VET [1] < com.ibm.cics.core.connections.ConnectionWidgetManager.update() [com.ibm.zosconnect.ui.connections.category.adminapi]
2022/07/22 09:01:55.210 VET [1] Notifying: com.ibm.cics.core.connections.internal.views.ConnectionsTreeAndButtonsComposite$3@ef855ead com.ibm.cics.common.util.EventManager.notifyListeners()
2022/07/22 09:01:55.210 VET [1] < com.ibm.cics.common.util.EventManager.notifyListeners()
2022/07/22 09:01:55.210 VET [1] < com.ibm.cics.common.util.EventManager.notifyListeners()
2022/07/22 09:01:55.274 VET [38] > com.ibm.cics.core.comm.ConnectionConfiguration.setExtendedAttribute() [READ_TIMEOUT, 30000]
2022/07/22 09:01:55.274 VET [38] < com.ibm.cics.core.comm.ConnectionConfiguration.setExtendedAttribute()
2022/07/22 09:01:55.274 VET [38] > com.ibm.cics.core.comm.ConnectionConfiguration.setExtendedAttribute() [ALLOW_MULTIPLE_CONNECTIONS, null]
2022/07/22 09:01:55.274 VET [38] < com.ibm.cics.core.comm.ConnectionConfiguration.setExtendedAttribute()
2022/07/22 09:01:55.274 VET [38] > com.ibm.cics.core.comm.ConnectionConfiguration.setExtendedAttribute() [CONNECT_TIMEOUT, 30000]
2022/07/22 09:01:55.274 VET [38] < com.ibm.cics.core.comm.ConnectionConfiguration.setExtendedAttribute()
2022/07/22 09:01:55.281 VET [38] TLSv1.2 com.ibm.cics.core.comm.ExplorerSecurityHelper.getSSLContext()
2022/07/22 09:01:55.281 VET [38] > com.ibm.cics.core.comm.ExplorerSecurityHelper.getCurrentTrustStorePassphrase()
2022/07/22 09:01:55.281 VET [38] < com.ibm.cics.core.comm.ExplorerSecurityHelper.getCurrentTrustStorePassphrase()
2022/07/22 09:01:55.281 VET [38] > com.ibm.cics.core.connections.internal.PassphraseManager.getTrustStorePassphrase()
2022/07/22 09:01:55.282 VET [38] < com.ibm.cics.core.connections.internal.PassphraseManager.getTrustStorePassphrase()
2022/07/22 09:01:55.298 VET [38] < com.ibm.cics.core.comm.ExplorerTrustStore.initialiseTrustStore() [com.ibm.jsse2.aD@b9bf8dc1]
2022/07/22 09:01:55.299 VET [38] - com.ibm.cics.core.comm.ExplorerSecurityHelper.getKeyAndTrustManagers() [Zconnect desa, 10.0.4.10, null, null, com.ibm.cics.core.comm.ExplorerKeyStoreManager$1@795335e9]
2022/07/22 09:01:55.379 VET [38] Enabled protocols in SSLEngine (specified "TLSv1.2"): [TLSv1.2, ] com.ibm.cics.core.comm.ExplorerSecurityHelper.getSSLContext()
2022/07/22 09:01:55.379 VET [38] TLSv1.2 com.ibm.cics.core.comm.ExplorerSecurityHelper.getSSLContext()
2022/07/22 09:01:55.379 VET [38] > com.ibm.cics.core.comm.ExplorerSecurityHelper.getCurrentTrustStorePassphrase()
2022/07/22 09:01:55.379 VET [38] < com.ibm.cics.core.comm.ExplorerSecurityHelper.getCurrentTrustStorePassphrase()
2022/07/22 09:01:55.379 VET [38] > com.ibm.cics.core.connections.internal.PassphraseManager.getTrustStorePassphrase()
2022/07/22 09:01:55.379 VET [38] < com.ibm.cics.core.connections.internal.PassphraseManager.getTrustStorePassphrase()
2022/07/22 09:01:55.387 VET [38] < com.ibm.cics.core.comm.ExplorerTrustStore.initialiseTrustStore() [com.ibm.jsse2.aD@58f04b43]
2022/07/22 09:01:55.387 VET [38] - com.ibm.cics.core.comm.ExplorerSecurityHelper.getKeyAndTrustManagers() [Zconnect desa, 10.0.4.10, null, null, com.ibm.cics.core.comm.ExplorerKeyStoreManager$1@28a69f6c]
2022/07/22 09:01:55.387 VET [38] Enabled protocols in SSLEngine (specified "TLSv1.2"): [TLSv1.2, ] com.ibm.cics.core.comm.ExplorerSecurityHelper.getSSLContext()
2022/07/22 09:01:57.605 VET [38] - com.ibm.zosconnect.ui.connections.models.ZCeeAdminApiConnectable.setConnection() [com.ibm.zosconnect.ui.connections.models.ZCeeAdminApiConnectable@fa970ad8, com.ibm.zosconnect.ui.connections.types.ZCeeAdminApiConnection@79d465ae[b123595@10.0.4.10:7080]]
2022/07/22 09:01:57.605 VET [38] > com.ibm.cics.core.connections.internal.ConnectionService.notifyConnected() [connectable=com.ibm.zosconnect.ui.connections.models.ZCeeAdminApiConnectable@fa970ad8, configuration=com.ibm.cics.core.connections.ConnectionProfile[Zconnect desa (10.0.4.10:7080) ]]
2022/07/22 09:01:57.605 VET [38] > com.ibm.cics.core.connections.internal.ConnectionService.notifyListeners() [event=com.ibm.cics.core.connections.ConnectionServiceListener$ConnectedEvent@df7028c4]
2022/07/22 09:01:57.605 VET [38] > com.ibm.cics.common.util.EventManager.notifyListeners() [com.ibm.cics.core.connections.ConnectionServiceListener$ConnectedEvent@df7028c4]
2022/07/22 09:01:57.605 VET [38] Notifying: com.ibm.cics.core.connections.internal.InternalConnectionsPlugin$1@8be939d4 com.ibm.cics.common.util.EventManager.notifyListeners()
2022/07/22 09:01:57.625 VET [38] Notifying: com.ibm.cics.core.connections.ConnectionWidgetManager$2@d665d111 com.ibm.cics.common.util.EventManager.notifyListeners()
2022/07/22 09:01:57.625 VET [38] > com.ibm.cics.core.connections.ConnectionWidgetManager.event() [com.ibm.cics.core.connections.ConnectionServiceListener$ConnectedEvent@df7028c4]
2022/07/22 09:01:57.625 VET [38] > com.ibm.cics.core.connections.ConnectionWidgetManager.setState() [NO_CONNECTION]
2022/07/22 09:01:57.625 VET [38] < com.ibm.cics.core.connections.ConnectionWidgetManager.setState() [NO_CONNECTION]
2022/07/22 09:01:57.625 VET [38] < com.ibm.cics.core.connections.ConnectionWidgetManager.event() [com.ibm.cics.core.connections.ConnectionServiceListener$ConnectedEvent@df7028c4]
2022/07/22 09:01:57.625 VET [38] Notifying: com.ibm.cics.zos.ui.ZOSConnectionContextManager$1@35c64cb7 com.ibm.cics.common.util.EventManager.notifyListeners()
2022/07/22 09:01:57.625 VET [38] Notifying: com.ibm.cics.core.connections.internal.ConnectionsStartup$1$1@8fba0a3c com.ibm.cics.common.util.EventManager.notifyListeners()
2022/07/22 09:01:57.636 VET [38] Notifying: com.ibm.cics.core.connections.internal.views.HostConnectionsView$2@d5801f69 com.ibm.cics.common.util.EventManager.notifyListeners()
2022/07/22 09:01:57.636 VET [38] Notifying: com.ibm.cics.core.connections.internal.views.ConnectionsTreeAndButtonsComposite$2@f22c2f33 com.ibm.cics.common.util.EventManager.notifyListeners()
2022/07/22 09:01:57.636 VET [38] Notifying: com.ibm.cics.core.connections.internal.views.HostConnectionsView$18@9368db11 com.ibm.cics.common.util.EventManager.notifyListeners()
2022/07/22 09:01:57.636 VET [38] Notifying: com.ibm.cics.core.connections.internal.views.HostConnectionsView$18@9368db11 com.ibm.cics.common.util.EventManager.notifyListeners()
2022/07/22 09:01:57.636 VET [38] Notifying: com.ibm.cics.core.connections.internal.ConnectionService$7$1@719ff331 com.ibm.cics.common.util.EventManager.notifyListeners()
2022/07/22 09:01:57.636 VET [38] < com.ibm.cics.common.util.EventManager.notifyListeners()
2022/07/22 09:01:57.636 VET [38] < com.ibm.cics.core.connections.internal.ConnectionService.notifyListeners()
2022/07/22 09:01:57.636 VET [38] < com.ibm.cics.core.connections.internal.ConnectionService.notifyConnected()
2022/07/22 09:03:35.154 VET [1] > com.ibm.cics.common.util.EventManager.addListener() [com.ibm.zosconnect.ui.nav.HostConnectionServiceListener@f5c486ae]
2022/07/22 09:03:35.154 VET [1] < com.ibm.cics.common.util.EventManager.addListener() [[com.ibm.cics.core.connections.internal.InternalConnectionsPlugin$1@8be939d4, com.ibm.cics.core.connections.ConnectionWidgetManager$2@d665d111, com.ibm.cics.zos.ui.ZOSConnectionContextManager$1@35c64cb7, com.ibm.cics.core.connections.internal.ConnectionsStartup$1$1@8fba0a3c, com.ibm.cics.core.connections.internal.views.HostConnectionsView$2@d5801f69, com.ibm.cics.core.connections.internal.views.ConnectionsTreeAndButtonsComposite$2@f22c2f33, com.ibm.cics.core.connections.internal.views.HostConnectionsView$18@9368db11, com.ibm.cics.core.connections.internal.views.HostConnectionsView$18@9368db11, com.ibm.zosconnect.ui.nav.HostConnectionServiceListener@f5c486ae]]
2022/07/22 09:03:35.154 VET [1] > com.ibm.cics.core.comm.ConnectionRegistry.find() [com.ibm.zosconnect.ui.connections.type.adminapi]
2022/07/22 09:03:35.154 VET [1] < com.ibm.cics.core.comm.ConnectionRegistry.find() [return: com.ibm.cics.core.comm.internal.ConnectionDescriptor[z/OS Connect Enterprise Edition, com.ibm.zosconnect.ui.connections.type.adminapi]]
2022/07/22 09:03:35.154 VET [1] > com.ibm.cics.common.util.EventManager.addListener() [com.ibm.zosconnect.ui.nav.HostConnectionManagerListener@68fb64b1]
2022/07/22 09:03:35.154 VET [1] < com.ibm.cics.common.util.EventManager.addListener() [[com.ibm.cics.core.connections.internal.DefaultConnectionService$1@8665c96f, com.ibm.cics.core.connections.internal.ConnectionService$2@a6cd287f, com.ibm.cics.core.connections.ConnectionWidgetManager$1@f17a7bcb, com.ibm.cics.core.connections.internal.views.ConnectionsTreeAndButtonsComposite$3@ef855ead, com.ibm.zosconnect.ui.nav.HostConnectionManagerListener@68fb64b1]]
2022/07/22 09:03:37.214 VET [1] > com.ibm.cics.core.comm.ConnectionRegistry.find() [com.ibm.zosconnect.ui.connections.type.adminapi]
2022/07/22 09:03:37.214 VET [1] < com.ibm.cics.core.comm.ConnectionRegistry.find() [return: com.ibm.cics.core.comm.internal.ConnectionDescriptor[z/OS Connect Enterprise Edition, com.ibm.zosconnect.ui.connections.type.adminapi]]
2022/07/22 09:03:37.228 VET [1] > com.ibm.cics.core.comm.ConnectionConfiguration.setExtendedAttribute() [READ_TIMEOUT, 30000]
2022/07/22 09:03:37.228 VET [1] < com.ibm.cics.core.comm.ConnectionConfiguration.setExtendedAttribute()
2022/07/22 09:03:37.228 VET [1] > com.ibm.cics.core.comm.ConnectionConfiguration.setExtendedAttribute() [ALLOW_MULTIPLE_CONNECTIONS, null]
2022/07/22 09:03:37.228 VET [1] < com.ibm.cics.core.comm.ConnectionConfiguration.setExtendedAttribute()
2022/07/22 09:03:37.228 VET [1] > com.ibm.cics.core.comm.ConnectionConfiguration.setExtendedAttribute() [CONNECT_TIMEOUT, 30000]
2022/07/22 09:03:37.228 VET [1] < com.ibm.cics.core.comm.ConnectionConfiguration.setExtendedAttribute()
2022/07/22 09:03:37.232 VET [1] > com.ibm.cics.core.comm.ConnectionConfiguration.setExtendedAttribute() [READ_TIMEOUT, 30000]
2022/07/22 09:03:37.232 VET [1] < com.ibm.cics.core.comm.ConnectionConfiguration.setExtendedAttribute()
2022/07/22 09:03:37.232 VET [1] > com.ibm.cics.core.comm.ConnectionConfiguration.setExtendedAttribute() [ALLOW_MULTIPLE_CONNECTIONS, null]
2022/07/22 09:03:37.232 VET [1] < com.ibm.cics.core.comm.ConnectionConfiguration.setExtendedAttribute()
2022/07/22 09:03:37.232 VET [1] > com.ibm.cics.core.comm.ConnectionConfiguration.setExtendedAttribute() [CONNECT_TIMEOUT, 30000]
2022/07/22 09:03:37.232 VET [1] < com.ibm.cics.core.comm.ConnectionConfiguration.setExtendedAttribute()
2022/07/22 09:03:37.232 VET [1] > com.ibm.cics.core.comm.ConnectionConfiguration.setExtendedAttribute() [READ_TIMEOUT, 30000]
2022/07/22 09:03:37.232 VET [1] < com.ibm.cics.core.comm.ConnectionConfiguration.setExtendedAttribute()
2022/07/22 09:03:37.232 VET [1] > com.ibm.cics.core.comm.ConnectionConfiguration.setExtendedAttribute() [ALLOW_MULTIPLE_CONNECTIONS, null]
2022/07/22 09:03:37.232 VET [1] < com.ibm.cics.core.comm.ConnectionConfiguration.setExtendedAttribute()
2022/07/22 09:03:37.232 VET [1] > com.ibm.cics.core.comm.ConnectionConfiguration.setExtendedAttribute() [CONNECT_TIMEOUT, 30000]
2022/07/22 09:03:37.232 VET [1] < com.ibm.cics.core.comm.ConnectionConfiguration.setExtendedAttribute()
2022/07/22 09:03:37.246 VET [1] > com.ibm.cics.core.comm.ConnectionConfiguration.setExtendedAttribute() [READ_TIMEOUT, 30000]
2022/07/22 09:03:37.246 VET [1] < com.ibm.cics.core.comm.ConnectionConfiguration.setExtendedAttribute()
2022/07/22 09:03:37.246 VET [1] > com.ibm.cics.core.comm.ConnectionConfiguration.setExtendedAttribute() [ALLOW_MULTIPLE_CONNECTIONS, null]
2022/07/22 09:03:37.246 VET [1] < com.ibm.cics.core.comm.ConnectionConfiguration.setExtendedAttribute()
2022/07/22 09:03:37.246 VET [1] > com.ibm.cics.core.comm.ConnectionConfiguration.setExtendedAttribute() [CONNECT_TIMEOUT, 30000]
2022/07/22 09:03:37.246 VET [1] < com.ibm.cics.core.comm.ConnectionConfiguration.setExtendedAttribute()
2022/07/22 09:03:37.246 VET [1] > com.ibm.cics.core.comm.ConnectionConfiguration.setExtendedAttribute() [READ_TIMEOUT, 30000]
2022/07/22 09:03:37.246 VET [1] < com.ibm.cics.core.comm.ConnectionConfiguration.setExtendedAttribute()
2022/07/22 09:03:37.246 VET [1] > com.ibm.cics.core.comm.ConnectionConfiguration.setExtendedAttribute() [ALLOW_MULTIPLE_CONNECTIONS, null]
2022/07/22 09:03:37.246 VET [1] < com.ibm.cics.core.comm.ConnectionConfiguration.setExtendedAttribute()
2022/07/22 09:03:37.246 VET [1] > com.ibm.cics.core.comm.ConnectionConfiguration.setExtendedAttribute() [CONNECT_TIMEOUT, 30000]
2022/07/22 09:03:37.246 VET [1] < com.ibm.cics.core.comm.ConnectionConfiguration.setExtendedAttribute()
2022/07/22 09:03:37.346 VET [1] > com.ibm.cics.core.comm.ConnectionConfiguration.setExtendedAttribute() [READ_TIMEOUT, 30000]
2022/07/22 09:03:37.346 VET [1] < com.ibm.cics.core.comm.ConnectionConfiguration.setExtendedAttribute()
2022/07/22 09:03:37.346 VET [1] > com.ibm.cics.core.comm.ConnectionConfiguration.setExtendedAttribute() [ALLOW_MULTIPLE_CONNECTIONS, null]
2022/07/22 09:03:37.346 VET [1] < com.ibm.cics.core.comm.ConnectionConfiguration.setExtendedAttribute()
2022/07/22 09:03:37.346 VET [1] > com.ibm.cics.core.comm.ConnectionConfiguration.setExtendedAttribute() [CONNECT_TIMEOUT, 30000]
2022/07/22 09:03:37.346 VET [1] < com.ibm.cics.core.comm.ConnectionConfiguration.setExtendedAttribute()
2022/07/22 09:03:38.788 VET [1] > com.ibm.cics.core.comm.ConnectionConfiguration.setExtendedAttribute() [READ_TIMEOUT, 30000]
2022/07/22 09:03:38.788 VET [1] < com.ibm.cics.core.comm.ConnectionConfiguration.setExtendedAttribute()
2022/07/22 09:03:38.788 VET [1] > com.ibm.cics.core.comm.ConnectionConfiguration.setExtendedAttribute() [ALLOW_MULTIPLE_CONNECTIONS, null]
2022/07/22 09:03:38.788 VET [1] < com.ibm.cics.core.comm.ConnectionConfiguration.setExtendedAttribute()
2022/07/22 09:03:38.788 VET [1] > com.ibm.cics.core.comm.ConnectionConfiguration.setExtendedAttribute() [CONNECT_TIMEOUT, 30000]
2022/07/22 09:03:38.789 VET [1] < com.ibm.cics.core.comm.ConnectionConfiguration.setExtendedAttribute()
2022/07/22 09:09:03.931 VET [1] Conflicting handlers for com.ibm.msl.mapping.ui.QuickLinkFromInputCommand: {com.ibm.msl.mapping.internal.ui.editor.MappingEditor$10@dc1a703} vs {com.ibm.msl.mapping.internal.ui.editor.MappingEditor$10@a3b4b84f} com.ibm.cics.eclipse.common.logging.ToJavaEclipseLogListener.logging()
2022/07/22 09:09:03.999 VET [1] Conflicting handlers for com.ibm.msl.mapping.ui.QuickLinkToOutputCommand: {com.ibm.msl.mapping.internal.ui.editor.MappingEditor$10@483de915} vs {com.ibm.msl.mapping.internal.ui.editor.MappingEditor$10@66efe5e} com.ibm.cics.eclipse.common.logging.ToJavaEclipseLogListener.logging()
2022/07/22 09:09:22.409 VET [1] Conflicting handlers for com.ibm.msl.mapping.ui.QuickLinkFromInputCommand: {com.ibm.msl.mapping.internal.ui.editor.MappingEditor$10@b812d920} vs {com.ibm.msl.mapping.internal.ui.editor.MappingEditor$10@2d2edcd9} com.ibm.cics.eclipse.common.logging.ToJavaEclipseLogListener.logging()
2022/07/22 09:09:22.412 VET [1] Conflicting handlers for com.ibm.msl.mapping.ui.QuickLinkToOutputCommand: {com.ibm.msl.mapping.internal.ui.editor.MappingEditor$10@767c5637} vs {com.ibm.msl.mapping.internal.ui.editor.MappingEditor$10@43c6fa} com.ibm.cics.eclipse.common.logging.ToJavaEclipseLogListener.logging()
